[0.307s] DEBUG:colcon:Command line arguments: ['/usr/bin/colcon', 'build', '--symlink-install']
[0.307s] DEBUG:colcon:Parsed command line arguments: Namespace(log_base=None, log_level=None, verb_name='build', build_base='build', install_base='install', merge_install=False, symlink_install=True, test_result_base=None, continue_on_error=False, executor='parallel', parallel_workers=20, event_handlers=None, ignore_user_meta=False, metas=['./colcon.meta'], base_paths=['.'], packages_ignore=None, packages_ignore_regex=None, paths=None, packages_up_to=None, packages_up_to_regex=None, packages_above=None, packages_above_and_dependencies=None, packages_above_depth=None, packages_select_by_dep=None, packages_skip_by_dep=None, packages_skip_up_to=None, packages_select_build_failed=False, packages_skip_build_finished=False, packages_select_test_failures=False, packages_skip_test_passed=False, packages_select=None, packages_skip=None, packages_select_regex=None, packages_skip_regex=None, packages_start=None, packages_end=None, allow_overriding=[], cmake_args=None, cmake_target=None, cmake_target_skip_unavailable=False, cmake_clean_cache=False, cmake_clean_first=False, cmake_force_configure=False, ament_cmake_args=None, catkin_cmake_args=None, catkin_skip_building_tests=False, verb_parser=<colcon_defaults.argument_parser.defaults.DefaultArgumentsDecorator object at 0x7f5f1d960d00>, verb_extension=<colcon_core.verb.build.BuildVerb object at 0x7f5f1d9607c0>, main=<bound method BuildVerb.main of <colcon_core.verb.build.BuildVerb object at 0x7f5f1d9607c0>>)
[0.633s] Level 1:colcon.colcon_core.package_discovery:discover_packages(colcon_meta) check parameters
[0.634s] Level 1:colcon.colcon_core.package_discovery:discover_packages(recursive) check parameters
[0.634s] Level 1:colcon.colcon_core.package_discovery:discover_packages(ignore) check parameters
[0.634s] Level 1:colcon.colcon_core.package_discovery:discover_packages(path) check parameters
[0.634s] Level 1:colcon.colcon_core.package_discovery:discover_packages(colcon_meta) discover
[0.634s] Level 1:colcon.colcon_core.package_discovery:discover_packages(recursive) discover
[0.634s] INFO:colcon.colcon_core.package_discovery:Crawling recursively for packages in '/home/andria/aml_project_ws/src/Robotron'
[0.634s] Level 1:colcon.colcon_core.package_identification:_identify(.) by extensions ['ignore', 'ignore_ament_install']
[0.634s] Level 1:colcon.colcon_core.package_identification:_identify(.) by extension 'ignore'
[0.634s] Level 1:colcon.colcon_core.package_identification:_identify(.) by extension 'ignore_ament_install'
[0.634s] Level 1:colcon.colcon_core.package_identification:_identify(.) by extensions ['colcon_pkg']
[0.634s] Level 1:colcon.colcon_core.package_identification:_identify(.) by extension 'colcon_pkg'
[0.634s] Level 1:colcon.colcon_core.package_identification:_identify(.) by extensions ['colcon_meta']
[0.634s] Level 1:colcon.colcon_core.package_identification:_identify(.) by extension 'colcon_meta'
[0.634s] Level 1:colcon.colcon_core.package_identification:_identify(.) by extensions ['ros']
[0.634s] Level 1:colcon.colcon_core.package_identification:_identify(.) by extension 'ros'
[0.681s] Level 1:colcon.colcon_core.package_identification:_identify(.) by extensions ['cmake', 'python']
[0.681s] Level 1:colcon.colcon_core.package_identification:_identify(.) by extension 'cmake'
[0.681s] Level 1:colcon.colcon_core.package_identification:_identify(.) by extension 'python'
[0.681s] Level 1:colcon.colcon_core.package_identification:_identify(.) by extensions ['python_setup_py']
[0.681s] Level 1:colcon.colcon_core.package_identification:_identify(.) by extension 'python_setup_py'
[0.681s] Level 1:colcon.colcon_core.package_identification:_identify(arduino) by extensions ['ignore', 'ignore_ament_install']
[0.681s] Level 1:colcon.colcon_core.package_identification:_identify(arduino) by extension 'ignore'
[0.681s] Level 1:colcon.colcon_core.package_identification:_identify(arduino) by extension 'ignore_ament_install'
[0.681s] Level 1:colcon.colcon_core.package_identification:_identify(arduino) by extensions ['colcon_pkg']
[0.681s] Level 1:colcon.colcon_core.package_identification:_identify(arduino) by extension 'colcon_pkg'
[0.681s] Level 1:colcon.colcon_core.package_identification:_identify(arduino) by extensions ['colcon_meta']
[0.681s] Level 1:colcon.colcon_core.package_identification:_identify(arduino) by extension 'colcon_meta'
[0.681s] Level 1:colcon.colcon_core.package_identification:_identify(arduino) by extensions ['ros']
[0.681s] Level 1:colcon.colcon_core.package_identification:_identify(arduino) by extension 'ros'
[0.681s] Level 1:colcon.colcon_core.package_identification:_identify(arduino) by extensions ['cmake', 'python']
[0.681s] Level 1:colcon.colcon_core.package_identification:_identify(arduino) by extension 'cmake'
[0.681s] Level 1:colcon.colcon_core.package_identification:_identify(arduino) by extension 'python'
[0.681s] Level 1:colcon.colcon_core.package_identification:_identify(arduino) by extensions ['python_setup_py']
[0.681s] Level 1:colcon.colcon_core.package_identification:_identify(arduino) by extension 'python_setup_py'
[0.681s] Level 1:colcon.colcon_core.package_identification:_identify(arduino/tests) by extensions ['ignore', 'ignore_ament_install']
[0.681s] Level 1:colcon.colcon_core.package_identification:_identify(arduino/tests) by extension 'ignore'
[0.681s] Level 1:colcon.colcon_core.package_identification:_identify(arduino/tests) by extension 'ignore_ament_install'
[0.681s] Level 1:colcon.colcon_core.package_identification:_identify(arduino/tests) by extensions ['colcon_pkg']
[0.681s] Level 1:colcon.colcon_core.package_identification:_identify(arduino/tests) by extension 'colcon_pkg'
[0.681s] Level 1:colcon.colcon_core.package_identification:_identify(arduino/tests) by extensions ['colcon_meta']
[0.681s] Level 1:colcon.colcon_core.package_identification:_identify(arduino/tests) by extension 'colcon_meta'
[0.682s] Level 1:colcon.colcon_core.package_identification:_identify(arduino/tests) by extensions ['ros']
[0.682s] Level 1:colcon.colcon_core.package_identification:_identify(arduino/tests) by extension 'ros'
[0.682s] Level 1:colcon.colcon_core.package_identification:_identify(arduino/tests) by extensions ['cmake', 'python']
[0.682s] Level 1:colcon.colcon_core.package_identification:_identify(arduino/tests) by extension 'cmake'
[0.682s] Level 1:colcon.colcon_core.package_identification:_identify(arduino/tests) by extension 'python'
[0.682s] Level 1:colcon.colcon_core.package_identification:_identify(arduino/tests) by extensions ['python_setup_py']
[0.682s] Level 1:colcon.colcon_core.package_identification:_identify(arduino/tests) by extension 'python_setup_py'
[0.682s] Level 1:colcon.colcon_core.package_identification:_identify(arduino/tests/test_encoders) by extensions ['ignore', 'ignore_ament_install']
[0.682s] Level 1:colcon.colcon_core.package_identification:_identify(arduino/tests/test_encoders) by extension 'ignore'
[0.682s] Level 1:colcon.colcon_core.package_identification:_identify(arduino/tests/test_encoders) by extension 'ignore_ament_install'
[0.682s] Level 1:colcon.colcon_core.package_identification:_identify(arduino/tests/test_encoders) by extensions ['colcon_pkg']
[0.682s] Level 1:colcon.colcon_core.package_identification:_identify(arduino/tests/test_encoders) by extension 'colcon_pkg'
[0.682s] Level 1:colcon.colcon_core.package_identification:_identify(arduino/tests/test_encoders) by extensions ['colcon_meta']
[0.682s] Level 1:colcon.colcon_core.package_identification:_identify(arduino/tests/test_encoders) by extension 'colcon_meta'
[0.682s] Level 1:colcon.colcon_core.package_identification:_identify(arduino/tests/test_encoders) by extensions ['ros']
[0.682s] Level 1:colcon.colcon_core.package_identification:_identify(arduino/tests/test_encoders) by extension 'ros'
[0.682s] Level 1:colcon.colcon_core.package_identification:_identify(arduino/tests/test_encoders) by extensions ['cmake', 'python']
[0.682s] Level 1:colcon.colcon_core.package_identification:_identify(arduino/tests/test_encoders) by extension 'cmake'
[0.682s] Level 1:colcon.colcon_core.package_identification:_identify(arduino/tests/test_encoders) by extension 'python'
[0.682s] Level 1:colcon.colcon_core.package_identification:_identify(arduino/tests/test_encoders) by extensions ['python_setup_py']
[0.682s] Level 1:colcon.colcon_core.package_identification:_identify(arduino/tests/test_encoders) by extension 'python_setup_py'
[0.682s] Level 1:colcon.colcon_core.package_identification:_identify(arduino/tests/test_imu) by extensions ['ignore', 'ignore_ament_install']
[0.682s] Level 1:colcon.colcon_core.package_identification:_identify(arduino/tests/test_imu) by extension 'ignore'
[0.682s] Level 1:colcon.colcon_core.package_identification:_identify(arduino/tests/test_imu) by extension 'ignore_ament_install'
[0.682s] Level 1:colcon.colcon_core.package_identification:_identify(arduino/tests/test_imu) by extensions ['colcon_pkg']
[0.682s] Level 1:colcon.colcon_core.package_identification:_identify(arduino/tests/test_imu) by extension 'colcon_pkg'
[0.682s] Level 1:colcon.colcon_core.package_identification:_identify(arduino/tests/test_imu) by extensions ['colcon_meta']
[0.682s] Level 1:colcon.colcon_core.package_identification:_identify(arduino/tests/test_imu) by extension 'colcon_meta'
[0.682s] Level 1:colcon.colcon_core.package_identification:_identify(arduino/tests/test_imu) by extensions ['ros']
[0.682s] Level 1:colcon.colcon_core.package_identification:_identify(arduino/tests/test_imu) by extension 'ros'
[0.682s] Level 1:colcon.colcon_core.package_identification:_identify(arduino/tests/test_imu) by extensions ['cmake', 'python']
[0.682s] Level 1:colcon.colcon_core.package_identification:_identify(arduino/tests/test_imu) by extension 'cmake'
[0.682s] Level 1:colcon.colcon_core.package_identification:_identify(arduino/tests/test_imu) by extension 'python'
[0.682s] Level 1:colcon.colcon_core.package_identification:_identify(arduino/tests/test_imu) by extensions ['python_setup_py']
[0.682s] Level 1:colcon.colcon_core.package_identification:_identify(arduino/tests/test_imu) by extension 'python_setup_py'
[0.682s] Level 1:colcon.colcon_core.package_identification:_identify(arduino/tests/test_lidar) by extensions ['ignore', 'ignore_ament_install']
[0.682s] Level 1:colcon.colcon_core.package_identification:_identify(arduino/tests/test_lidar) by extension 'ignore'
[0.682s] Level 1:colcon.colcon_core.package_identification:_identify(arduino/tests/test_lidar) by extension 'ignore_ament_install'
[0.682s] Level 1:colcon.colcon_core.package_identification:_identify(arduino/tests/test_lidar) by extensions ['colcon_pkg']
[0.682s] Level 1:colcon.colcon_core.package_identification:_identify(arduino/tests/test_lidar) by extension 'colcon_pkg'
[0.683s] Level 1:colcon.colcon_core.package_identification:_identify(arduino/tests/test_lidar) by extensions ['colcon_meta']
[0.683s] Level 1:colcon.colcon_core.package_identification:_identify(arduino/tests/test_lidar) by extension 'colcon_meta'
[0.683s] Level 1:colcon.colcon_core.package_identification:_identify(arduino/tests/test_lidar) by extensions ['ros']
[0.683s] Level 1:colcon.colcon_core.package_identification:_identify(arduino/tests/test_lidar) by extension 'ros'
[0.683s] Level 1:colcon.colcon_core.package_identification:_identify(arduino/tests/test_lidar) by extensions ['cmake', 'python']
[0.683s] Level 1:colcon.colcon_core.package_identification:_identify(arduino/tests/test_lidar) by extension 'cmake'
[0.683s] Level 1:colcon.colcon_core.package_identification:_identify(arduino/tests/test_lidar) by extension 'python'
[0.683s] Level 1:colcon.colcon_core.package_identification:_identify(arduino/tests/test_lidar) by extensions ['python_setup_py']
[0.683s] Level 1:colcon.colcon_core.package_identification:_identify(arduino/tests/test_lidar) by extension 'python_setup_py'
[0.683s] Level 1:colcon.colcon_core.package_identification:_identify(arduino/tests/test_motors) by extensions ['ignore', 'ignore_ament_install']
[0.683s] Level 1:colcon.colcon_core.package_identification:_identify(arduino/tests/test_motors) by extension 'ignore'
[0.683s] Level 1:colcon.colcon_core.package_identification:_identify(arduino/tests/test_motors) by extension 'ignore_ament_install'
[0.683s] Level 1:colcon.colcon_core.package_identification:_identify(arduino/tests/test_motors) by extensions ['colcon_pkg']
[0.683s] Level 1:colcon.colcon_core.package_identification:_identify(arduino/tests/test_motors) by extension 'colcon_pkg'
[0.683s] Level 1:colcon.colcon_core.package_identification:_identify(arduino/tests/test_motors) by extensions ['colcon_meta']
[0.683s] Level 1:colcon.colcon_core.package_identification:_identify(arduino/tests/test_motors) by extension 'colcon_meta'
[0.683s] Level 1:colcon.colcon_core.package_identification:_identify(arduino/tests/test_motors) by extensions ['ros']
[0.683s] Level 1:colcon.colcon_core.package_identification:_identify(arduino/tests/test_motors) by extension 'ros'
[0.683s] Level 1:colcon.colcon_core.package_identification:_identify(arduino/tests/test_motors) by extensions ['cmake', 'python']
[0.683s] Level 1:colcon.colcon_core.package_identification:_identify(arduino/tests/test_motors) by extension 'cmake'
[0.683s] Level 1:colcon.colcon_core.package_identification:_identify(arduino/tests/test_motors) by extension 'python'
[0.683s] Level 1:colcon.colcon_core.package_identification:_identify(arduino/tests/test_motors) by extensions ['python_setup_py']
[0.683s] Level 1:colcon.colcon_core.package_identification:_identify(arduino/tests/test_motors) by extension 'python_setup_py'
[0.683s] Level 1:colcon.colcon_core.package_identification:_identify(build) by extensions ['ignore', 'ignore_ament_install']
[0.683s] Level 1:colcon.colcon_core.package_identification:_identify(build) by extension 'ignore'
[0.683s] Level 1:colcon.colcon_core.package_identification:_identify(build) ignored
[0.683s] Level 1:colcon.colcon_core.package_identification:_identify(install) by extensions ['ignore', 'ignore_ament_install']
[0.683s] Level 1:colcon.colcon_core.package_identification:_identify(install) by extension 'ignore'
[0.683s] Level 1:colcon.colcon_core.package_identification:_identify(install) ignored
[0.683s] Level 1:colcon.colcon_core.package_identification:_identify(log) by extensions ['ignore', 'ignore_ament_install']
[0.683s] Level 1:colcon.colcon_core.package_identification:_identify(log) by extension 'ignore'
[0.683s] Level 1:colcon.colcon_core.package_identification:_identify(log) ignored
[0.683s] Level 1:colcon.colcon_core.package_identification:_identify(robot_simulation) by extensions ['ignore', 'ignore_ament_install']
[0.683s] Level 1:colcon.colcon_core.package_identification:_identify(robot_simulation) by extension 'ignore'
[0.683s] Level 1:colcon.colcon_core.package_identification:_identify(robot_simulation) by extension 'ignore_ament_install'
[0.683s] Level 1:colcon.colcon_core.package_identification:_identify(robot_simulation) by extensions ['colcon_pkg']
[0.683s] Level 1:colcon.colcon_core.package_identification:_identify(robot_simulation) by extension 'colcon_pkg'
[0.684s] Level 1:colcon.colcon_core.package_identification:_identify(robot_simulation) by extensions ['colcon_meta']
[0.684s] Level 1:colcon.colcon_core.package_identification:_identify(robot_simulation) by extension 'colcon_meta'
[0.684s] Level 1:colcon.colcon_core.package_identification:_identify(robot_simulation) by extensions ['ros']
[0.684s] Level 1:colcon.colcon_core.package_identification:_identify(robot_simulation) by extension 'ros'
[0.688s] DEBUG:colcon.colcon_core.package_identification:Package 'robot_simulation' with type 'ros.ament_python' and name 'robot_simulation'
[0.688s] Level 1:colcon.colcon_core.package_identification:_identify(utils) by extensions ['ignore', 'ignore_ament_install']
[0.688s] Level 1:colcon.colcon_core.package_identification:_identify(utils) by extension 'ignore'
[0.688s] Level 1:colcon.colcon_core.package_identification:_identify(utils) by extension 'ignore_ament_install'
[0.688s] Level 1:colcon.colcon_core.package_identification:_identify(utils) by extensions ['colcon_pkg']
[0.688s] Level 1:colcon.colcon_core.package_identification:_identify(utils) by extension 'colcon_pkg'
[0.688s] Level 1:colcon.colcon_core.package_identification:_identify(utils) by extensions ['colcon_meta']
[0.688s] Level 1:colcon.colcon_core.package_identification:_identify(utils) by extension 'colcon_meta'
[0.688s] Level 1:colcon.colcon_core.package_identification:_identify(utils) by extensions ['ros']
[0.688s] Level 1:colcon.colcon_core.package_identification:_identify(utils) by extension 'ros'
[0.688s] Level 1:colcon.colcon_core.package_identification:_identify(utils) by extensions ['cmake', 'python']
[0.688s] Level 1:colcon.colcon_core.package_identification:_identify(utils) by extension 'cmake'
[0.688s] Level 1:colcon.colcon_core.package_identification:_identify(utils) by extension 'python'
[0.688s] Level 1:colcon.colcon_core.package_identification:_identify(utils) by extensions ['python_setup_py']
[0.688s] Level 1:colcon.colcon_core.package_identification:_identify(utils) by extension 'python_setup_py'
[0.688s] Level 1:colcon.colcon_core.package_discovery:discover_packages(recursive) using defaults
[0.688s] Level 1:colcon.colcon_core.package_discovery:discover_packages(ignore) discover
[0.688s] Level 1:colcon.colcon_core.package_discovery:discover_packages(ignore) using defaults
[0.688s] Level 1:colcon.colcon_core.package_discovery:discover_packages(path) discover
[0.688s] Level 1:colcon.colcon_core.package_discovery:discover_packages(path) using defaults
[0.718s] Level 1:colcon.colcon_core.package_discovery:discover_packages(prefix_path) check parameters
[0.718s] Level 1:colcon.colcon_core.package_discovery:discover_packages(prefix_path) discover
[0.723s] DEBUG:colcon.colcon_installed_package_information.package_discovery:Found 1 installed packages in /home/andria/aml_project_ws/install
[0.723s] DEBUG:colcon.colcon_installed_package_information.package_discovery:Found 1 installed packages in /home/andria/aml_ws/install
[0.724s] DEBUG:colcon.colcon_installed_package_information.package_discovery:Found 385 installed packages in /opt/ros/humble
[0.726s] Level 1:colcon.colcon_core.package_discovery:discover_packages(prefix_path) using defaults
[0.755s] Level 5:colcon.colcon_core.verb:set package 'robot_simulation' build argument 'cmake_args' from command line to 'None'
[0.755s] Level 5:colcon.colcon_core.verb:set package 'robot_simulation' build argument 'cmake_target' from command line to 'None'
[0.755s] Level 5:colcon.colcon_core.verb:set package 'robot_simulation' build argument 'cmake_target_skip_unavailable' from command line to 'False'
[0.755s] Level 5:colcon.colcon_core.verb:set package 'robot_simulation' build argument 'cmake_clean_cache' from command line to 'False'
[0.755s] Level 5:colcon.colcon_core.verb:set package 'robot_simulation' build argument 'cmake_clean_first' from command line to 'False'
[0.755s] Level 5:colcon.colcon_core.verb:set package 'robot_simulation' build argument 'cmake_force_configure' from command line to 'False'
[0.755s] Level 5:colcon.colcon_core.verb:set package 'robot_simulation' build argument 'ament_cmake_args' from command line to 'None'
[0.755s] Level 5:colcon.colcon_core.verb:set package 'robot_simulation' build argument 'catkin_cmake_args' from command line to 'None'
[0.755s] Level 5:colcon.colcon_core.verb:set package 'robot_simulation' build argument 'catkin_skip_building_tests' from command line to 'False'
[0.755s] DEBUG:colcon.colcon_core.verb:Building package 'robot_simulation' with the following arguments: {'ament_cmake_args': None, 'build_base': '/home/andria/aml_project_ws/src/Robotron/build/robot_simulation', 'catkin_cmake_args': None, 'catkin_skip_building_tests': False, 'cmake_args': None, 'cmake_clean_cache': False, 'cmake_clean_first': False, 'cmake_force_configure': False, 'cmake_target': None, 'cmake_target_skip_unavailable': False, 'install_base': '/home/andria/aml_project_ws/src/Robotron/install/robot_simulation', 'merge_install': False, 'path': '/home/andria/aml_project_ws/src/Robotron/robot_simulation', 'symlink_install': True, 'test_result_base': None}
[0.755s] INFO:colcon.colcon_core.executor:Executing jobs using 'parallel' executor
[0.756s] DEBUG:colcon.colcon_parallel_executor.executor.parallel:run_until_complete
[0.756s] INFO:colcon.colcon_ros.task.ament_python.build:Building ROS package in '/home/andria/aml_project_ws/src/Robotron/robot_simulation' with build type 'ament_python'
[0.756s] Level 1:colcon.colcon_core.shell:create_environment_hook('robot_simulation', 'ament_prefix_path')
[0.761s] INFO:colcon.colcon_core.plugin_system:Skipping extension 'colcon_core.shell.bat': Not used on non-Windows systems
[0.761s] INFO:colcon.colcon_core.shell:Creating environment hook '/home/andria/aml_project_ws/src/Robotron/install/robot_simulation/share/robot_simulation/hook/ament_prefix_path.ps1'
[0.763s] INFO:colcon.colcon_core.shell:Creating environment descriptor '/home/andria/aml_project_ws/src/Robotron/install/robot_simulation/share/robot_simulation/hook/ament_prefix_path.dsv'
[0.763s] INFO:colcon.colcon_core.shell:Creating environment hook '/home/andria/aml_project_ws/src/Robotron/install/robot_simulation/share/robot_simulation/hook/ament_prefix_path.sh'
[0.764s] INFO:colcon.colcon_core.shell:Skip shell extension 'powershell' for command environment: Not usable outside of PowerShell
[0.764s] DEBUG:colcon.colcon_core.shell:Skip shell extension 'dsv' for command environment
[0.939s] INFO:colcon.colcon_core.task.python.build:Building Python package in '/home/andria/aml_project_ws/src/Robotron/robot_simulation'
[0.940s] INFO:colcon.colcon_core.shell:Skip shell extension 'powershell' for command environment: Not usable outside of PowerShell
[0.940s] DEBUG:colcon.colcon_core.shell:Skip shell extension 'dsv' for command environment
[1.278s] DEBUG:colcon.colcon_core.event_handler.log_command:Invoking command in '/home/andria/aml_project_ws/src/Robotron/build/robot_simulation': PYTHONPATH=/home/andria/aml_project_ws/src/Robotron/build/robot_simulation/prefix_override:/usr/lib/python3/dist-packages/colcon_core/task/python/colcon_distutils_commands:/home/andria/aml_project_ws/src/Robotron/install/robot_simulation/lib/python3.10/site-packages:${PYTHONPATH} /usr/bin/python3 -W ignore:setup.py install is deprecated -W ignore:easy_install command is deprecated setup.py develop --editable --build-directory /home/andria/aml_project_ws/src/Robotron/build/robot_simulation/build --no-deps symlink_data
[1.021s] Level 1:colcon.colcon_core.shell:create_environment_hook('robot_simulation', 'pythonpath_develop')
[1.021s] DEBUG:colcon.colcon_core.event_handler.log_command:Invoked command in '/home/andria/aml_project_ws/src/Robotron/build/robot_simulation' returned '0': PYTHONPATH=/home/andria/aml_project_ws/src/Robotron/build/robot_simulation/prefix_override:/usr/lib/python3/dist-packages/colcon_core/task/python/colcon_distutils_commands:/home/andria/aml_project_ws/src/Robotron/install/robot_simulation/lib/python3.10/site-packages:${PYTHONPATH} /usr/bin/python3 -W ignore:setup.py install is deprecated -W ignore:easy_install command is deprecated setup.py develop --editable --build-directory /home/andria/aml_project_ws/src/Robotron/build/robot_simulation/build --no-deps symlink_data
[1.021s] INFO:colcon.colcon_core.shell:Creating environment hook '/home/andria/aml_project_ws/src/Robotron/build/robot_simulation/share/robot_simulation/hook/pythonpath_develop.ps1'
[1.022s] INFO:colcon.colcon_core.shell:Creating environment descriptor '/home/andria/aml_project_ws/src/Robotron/build/robot_simulation/share/robot_simulation/hook/pythonpath_develop.dsv'
[1.022s] INFO:colcon.colcon_core.shell:Creating environment hook '/home/andria/aml_project_ws/src/Robotron/build/robot_simulation/share/robot_simulation/hook/pythonpath_develop.sh'
[1.030s] Level 1:colcon.colcon_core.environment:checking '/home/andria/aml_project_ws/src/Robotron/install/robot_simulation' for CMake module files
[1.031s] Level 1:colcon.colcon_core.environment:checking '/home/andria/aml_project_ws/src/Robotron/install/robot_simulation' for CMake config files
[1.031s] Level 1:colcon.colcon_core.environment:checking '/home/andria/aml_project_ws/src/Robotron/install/robot_simulation/lib'
[1.031s] Level 1:colcon.colcon_core.environment:checking '/home/andria/aml_project_ws/src/Robotron/install/robot_simulation/bin'
[1.031s] Level 1:colcon.colcon_core.environment:checking '/home/andria/aml_project_ws/src/Robotron/install/robot_simulation/lib/pkgconfig/robot_simulation.pc'
[1.031s] Level 1:colcon.colcon_core.environment:checking '/home/andria/aml_project_ws/src/Robotron/install/robot_simulation/lib/python3.10/site-packages'
[1.031s] Level 1:colcon.colcon_core.shell:create_environment_hook('robot_simulation', 'pythonpath')
[1.032s] INFO:colcon.colcon_core.shell:Creating environment hook '/home/andria/aml_project_ws/src/Robotron/install/robot_simulation/share/robot_simulation/hook/pythonpath.ps1'
[1.032s] INFO:colcon.colcon_core.shell:Creating environment descriptor '/home/andria/aml_project_ws/src/Robotron/install/robot_simulation/share/robot_simulation/hook/pythonpath.dsv'
[1.032s] INFO:colcon.colcon_core.shell:Creating environment hook '/home/andria/aml_project_ws/src/Robotron/install/robot_simulation/share/robot_simulation/hook/pythonpath.sh'
[1.033s] Level 1:colcon.colcon_core.environment:checking '/home/andria/aml_project_ws/src/Robotron/install/robot_simulation/bin'
[1.033s] Level 1:colcon.colcon_core.environment:create_environment_scripts_only(robot_simulation)
[1.033s] INFO:colcon.colcon_core.shell:Creating package script '/home/andria/aml_project_ws/src/Robotron/install/robot_simulation/share/robot_simulation/package.ps1'
[1.034s] INFO:colcon.colcon_core.shell:Creating package descriptor '/home/andria/aml_project_ws/src/Robotron/install/robot_simulation/share/robot_simulation/package.dsv'
[1.035s] INFO:colcon.colcon_core.shell:Creating package script '/home/andria/aml_project_ws/src/Robotron/install/robot_simulation/share/robot_simulation/package.sh'
[1.035s] INFO:colcon.colcon_core.shell:Creating package script '/home/andria/aml_project_ws/src/Robotron/install/robot_simulation/share/robot_simulation/package.bash'
[1.036s] INFO:colcon.colcon_core.shell:Creating package script '/home/andria/aml_project_ws/src/Robotron/install/robot_simulation/share/robot_simulation/package.zsh'
[1.037s] Level 1:colcon.colcon_core.environment:create_file_with_runtime_dependencies(/home/andria/aml_project_ws/src/Robotron/install/robot_simulation/share/colcon-core/packages/robot_simulation)
[1.037s] DEBUG:colcon.colcon_parallel_executor.executor.parallel:closing loop
[1.038s] DEBUG:colcon.colcon_parallel_executor.executor.parallel:loop closed
[1.038s] DEBUG:colcon.colcon_parallel_executor.executor.parallel:run_until_complete finished with '0'
[1.038s] DEBUG:colcon.colcon_core.event_reactor:joining thread
[1.186s] INFO:colcon.colcon_core.plugin_system:Skipping extension 'colcon_notification.desktop_notification.notify_send': Could not find 'notify-send'
[1.186s] INFO:colcon.colcon_core.plugin_system:Skipping extension 'colcon_notification.desktop_notification.terminal_notifier': Not used on non-Darwin systems
[1.186s] INFO:colcon.colcon_core.plugin_system:Skipping extension 'colcon_notification.desktop_notification.win32': Not used on non-Windows systems
[1.187s] INFO:colcon.colcon_notification.desktop_notification:Sending desktop notification using 'notify2'
[1.187s] DEBUG:colcon.colcon_notification.desktop_notification.notify2:Failed to initialize notify2: org.freedesktop.DBus.Error.FileNotFound: Failed to connect to socket /run/user/1000/bus: No such file or directory
[1.187s] DEBUG:colcon.colcon_core.event_reactor:joined thread
[1.187s] INFO:colcon.colcon_core.shell:Creating prefix script '/home/andria/aml_project_ws/src/Robotron/install/local_setup.ps1'
[1.191s] INFO:colcon.colcon_core.shell:Creating prefix util module '/home/andria/aml_project_ws/src/Robotron/install/_local_setup_util_ps1.py'
[1.192s] INFO:colcon.colcon_core.shell:Creating prefix chain script '/home/andria/aml_project_ws/src/Robotron/install/setup.ps1'
[1.193s] INFO:colcon.colcon_core.shell:Creating prefix script '/home/andria/aml_project_ws/src/Robotron/install/local_setup.sh'
[1.194s] INFO:colcon.colcon_core.shell:Creating prefix util module '/home/andria/aml_project_ws/src/Robotron/install/_local_setup_util_sh.py'
[1.194s] INFO:colcon.colcon_core.shell:Creating prefix chain script '/home/andria/aml_project_ws/src/Robotron/install/setup.sh'
[1.196s] INFO:colcon.colcon_core.shell:Creating prefix script '/home/andria/aml_project_ws/src/Robotron/install/local_setup.bash'
[1.197s] INFO:colcon.colcon_core.shell:Creating prefix chain script '/home/andria/aml_project_ws/src/Robotron/install/setup.bash'
[1.197s] INFO:colcon.colcon_core.shell:Creating prefix script '/home/andria/aml_project_ws/src/Robotron/install/local_setup.zsh'
[1.198s] INFO:colcon.colcon_core.shell:Creating prefix chain script '/home/andria/aml_project_ws/src/Robotron/install/setup.zsh'
